{
"contracts/CWTToken.sol":{"l":{"13":15},"path":"/home/slymewl/Workspace/pellar/vuca/blockchain/contracts/CWTToken.sol","s":{"1":15},"b":{},"f":{"1":15},"fnMap":{"1":{"name":"constructor","line":12,"loc":{"start":{"line":12,"column":2},"end":{"line":14,"column":2}}}},"statementMap":{"1":{"start":{"line":13,"column":4},"end":{"line":13,"column":51}}},"branchMap":{}},
"contracts/VucaStaking.sol":{"l":{"64":63,"66":63,"68":63,"72":14,"73":14,"75":14,"79":16,"81":16,"82":16,"83":12,"85":12,"86":10,"89":2,"90":2,"91":0,"94":2,"95":2,"96":2,"98":2,"99":2,"100":2,"103":16,"104":16,"105":16,"107":16,"111":2,"113":2,"114":2,"115":1,"118":1,"119":1,"120":1,"125":40,"126":40,"127":40,"128":38,"129":37,"130":36,"132":35,"134":35,"136":35,"137":35,"138":35,"141":35,"144":35,"145":35,"149":4,"150":4,"151":4,"152":4,"153":4,"155":3,"157":3,"158":3,"161":3,"164":3,"166":3,"169":3,"170":3,"174":17,"175":17,"176":17,"178":16,"179":16,"180":16,"182":14,"184":14,"185":14,"188":14,"189":14,"190":14,"194":14,"196":14,"199":14,"200":14,"201":14,"205":68,"207":68,"208":68,"209":36,"211":36,"212":26,"215":10,"216":10,"217":3,"220":7,"221":7,"222":7,"223":7,"224":7,"229":62,"231":62,"232":14,"233":14,"236":48,"237":48,"238":48,"250":129,"252":129,"254":129,"255":129,"256":126,"258":129,"259":129,"260":117,"262":129,"275":14,"276":12,"277":11,"279":10,"280":10,"281":10,"283":10,"284":10,"285":10,"287":10,"288":10,"289":10,"291":10,"293":10,"294":10,"298":4,"299":3,"301":2,"302":2,"304":2,"308":4,"309":3,"311":2,"313":2,"314":2,"316":2,"320":4,"321":3,"322":2,"324":1,"325":1,"327":1,"332":2,"334":1,"335":1,"337":1,"345":4,"346":4,"347":4,"349":3,"350":3,"352":3,"353":3,"354":3,"357":3,"359":2,"367":3,"368":3,"369":3,"370":2,"372":1},"path":"/home/slymewl/Workspace/pellar/vuca/blockchain/contracts/VucaStaking.sol","s":{"1":63,"2":63,"3":63,"4":14,"5":14,"6":14,"7":16,"8":16,"9":16,"10":12,"11":12,"12":2,"13":2,"14":2,"15":2,"16":2,"17":2,"18":2,"19":2,"20":16,"21":16,"22":16,"23":16,"24":2,"25":2,"26":2,"27":1,"28":1,"29":1,"30":1,"31":40,"32":40,"33":40,"34":38,"35":37,"36":36,"37":35,"38":35,"39":35,"40":35,"41":35,"42":35,"43":35,"44":35,"45":4,"46":4,"47":4,"48":4,"49":4,"50":3,"51":3,"52":3,"53":3,"54":3,"55":3,"56":3,"57":3,"58":17,"59":17,"60":17,"61":16,"62":16,"63":16,"64":14,"65":14,"66":14,"67":14,"68":14,"69":14,"70":14,"71":14,"72":14,"73":14,"74":14,"75":68,"76":68,"77":68,"78":36,"79":36,"80":10,"81":10,"82":7,"83":7,"84":7,"85":7,"86":7,"87":62,"88":62,"89":14,"90":14,"91":48,"92":48,"93":48,"94":129,"95":129,"96":129,"97":129,"98":126,"99":129,"100":129,"101":117,"102":129,"103":14,"104":12,"105":11,"106":10,"107":10,"108":10,"109":10,"110":10,"111":10,"112":10,"113":10,"114":10,"115":10,"116":10,"117":10,"118":4,"119":3,"120":2,"121":2,"122":2,"123":4,"124":3,"125":2,"126":2,"127":2,"128":2,"129":4,"130":3,"131":2,"132":1,"133":1,"134":1,"135":2,"136":1,"137":1,"138":1,"139":4,"140":4,"141":4,"142":3,"143":3,"144":3,"145":3,"146":3,"147":3,"148":2,"149":3,"150":3,"151":3,"152":2,"153":1},"b":{"1":[10,2],"2":[0,2],"3":[1,1],"4":[38,2],"5":[37,1],"6":[36,1],"7":[35,1],"8":[3,1],"9":[3,0],"10":[16,1],"11":[14,2],"12":[14,0],"13":[26,10],"14":[3,7],"15":[14,48],"16":[126,3],"17":[117,12],"18":[12,2],"19":[11,1],"20":[10,1],"21":[3,1],"22":[2,1],"23":[3,1],"24":[2,1],"25":[3,1],"26":[2,1],"27":[1,1],"28":[1,1],"29":[3,1],"30":[2,1],"31":[2,1],"32":[1,1]},"f":{"1":30,"2":63,"3":14,"4":16,"5":2,"6":40,"7":4,"8":17,"9":68,"10":62,"11":129,"12":14,"13":4,"14":4,"15":4,"16":2,"17":4,"18":3},"fnMap":{"1":{"name":"constructor","line":60,"loc":{"start":{"line":60,"column":2},"end":{"line":60,"column":17}}},"2":{"name":"getRawRewards","line":63,"loc":{"start":{"line":63,"column":2},"end":{"line":69,"column":2}}},"3":{"name":"getRewards","line":71,"loc":{"start":{"line":71,"column":2},"end":{"line":76,"column":2}}},"4":{"name":"getLatestPoolInfo","line":78,"loc":{"start":{"line":78,"column":2},"end":{"line":108,"column":2}}},"5":{"name":"getRewardsWithdrawable","line":110,"loc":{"start":{"line":110,"column":2},"end":{"line":121,"column":2}}},"6":{"name":"stake","line":124,"loc":{"start":{"line":124,"column":2},"end":{"line":146,"column":2}}},"7":{"name":"emergencyWithdraw","line":148,"loc":{"start":{"line":148,"column":2},"end":{"line":171,"column":2}}},"8":{"name":"unStake","line":173,"loc":{"start":{"line":173,"column":2},"end":{"line":202,"column":2}}},"9":{"name":"updatePoolInfo","line":204,"loc":{"start":{"line":204,"column":2},"end":{"line":226,"column":2}}},"10":{"name":"updatePoolRewards","line":228,"loc":{"start":{"line":228,"column":2},"end":{"line":239,"column":2}}},"11":{"name":"getPoolRewardsCheckpoint","line":241,"loc":{"start":{"line":241,"column":2},"end":{"line":263,"column":2}}},"12":{"name":"createPool","line":274,"loc":{"start":{"line":266,"column":2},"end":{"line":295,"column":2}}},"13":{"name":"updateMaxStakeTokens","line":297,"loc":{"start":{"line":297,"column":2},"end":{"line":305,"column":2}}},"14":{"name":"updateRewardTokensPerBlock","line":307,"loc":{"start":{"line":307,"column":2},"end":{"line":317,"column":2}}},"15":{"name":"updateEndBlock","line":319,"loc":{"start":{"line":319,"column":2},"end":{"line":328,"column":2}}},"16":{"name":"updateChangesDelayBlocks","line":331,"loc":{"start":{"line":331,"column":2},"end":{"line":338,"column":2}}},"17":{"name":"retrieveReward","line":344,"loc":{"start":{"line":340,"column":2},"end":{"line":360,"column":2}}},"18":{"name":"withdrawERC20","line":366,"loc":{"start":{"line":362,"column":2},"end":{"line":373,"column":2}}}},"statementMap":{"1":{"start":{"line":64,"column":4},"end":{"line":64,"column":64}},"2":{"start":{"line":66,"column":4},"end":{"line":66,"column":94}},"3":{"start":{"line":68,"column":4},"end":{"line":68,"column":108}},"4":{"start":{"line":72,"column":4},"end":{"line":72,"column":57}},"5":{"start":{"line":73,"column":4},"end":{"line":73,"column":49}},"6":{"start":{"line":75,"column":4},"end":{"line":75,"column":84}},"7":{"start":{"line":79,"column":4},"end":{"line":79,"column":37}},"8":{"start":{"line":81,"column":4},"end":{"line":81,"column":47}},"9":{"start":{"line":82,"column":4},"end":{"line":82,"column":2589}},"10":{"start":{"line":83,"column":6},"end":{"line":83,"column":59}},"11":{"start":{"line":85,"column":6},"end":{"line":85,"column":2692}},"12":{"start":{"line":89,"column":6},"end":{"line":89,"column":68}},"13":{"start":{"line":90,"column":6},"end":{"line":90,"column":2818}},"14":{"start":{"line":94,"column":6},"end":{"line":94,"column":21}},"15":{"start":{"line":95,"column":6},"end":{"line":95,"column":122}},"16":{"start":{"line":96,"column":6},"end":{"line":96,"column":37}},"17":{"start":{"line":98,"column":6},"end":{"line":98,"column":49}},"18":{"start":{"line":99,"column":6},"end":{"line":99,"column":37}},"19":{"start":{"line":100,"column":6},"end":{"line":100,"column":61}},"20":{"start":{"line":103,"column":4},"end":{"line":103,"column":20}},"21":{"start":{"line":104,"column":4},"end":{"line":104,"column":120}},"22":{"start":{"line":105,"column":4},"end":{"line":105,"column":36}},"23":{"start":{"line":107,"column":4},"end":{"line":107,"column":15}},"24":{"start":{"line":111,"column":4},"end":{"line":111,"column":49}},"25":{"start":{"line":113,"column":4},"end":{"line":113,"column":79}},"26":{"start":{"line":114,"column":4},"end":{"line":114,"column":3695}},"27":{"start":{"line":115,"column":6},"end":{"line":115,"column":14}},"28":{"start":{"line":118,"column":4},"end":{"line":118,"column":115}},"29":{"start":{"line":119,"column":4},"end":{"line":119,"column":113}},"30":{"start":{"line":120,"column":4},"end":{"line":120,"column":63}},"31":{"start":{"line":125,"column":4},"end":{"line":125,"column":26}},"32":{"start":{"line":126,"column":4},"end":{"line":126,"column":38}},"33":{"start":{"line":127,"column":4},"end":{"line":127,"column":63}},"34":{"start":{"line":128,"column":4},"end":{"line":128,"column":58}},"35":{"start":{"line":129,"column":4},"end":{"line":129,"column":41}},"36":{"start":{"line":130,"column":4},"end":{"line":130,"column":89}},"37":{"start":{"line":132,"column":4},"end":{"line":132,"column":67}},"38":{"start":{"line":134,"column":4},"end":{"line":134,"column":43}},"39":{"start":{"line":136,"column":4},"end":{"line":136,"column":66}},"40":{"start":{"line":137,"column":4},"end":{"line":137,"column":28}},"41":{"start":{"line":138,"column":4},"end":{"line":138,"column":74}},"42":{"start":{"line":141,"column":4},"end":{"line":141,"column":31}},"43":{"start":{"line":144,"column":4},"end":{"line":144,"column":58}},"44":{"start":{"line":145,"column":4},"end":{"line":145,"column":84}},"45":{"start":{"line":149,"column":4},"end":{"line":149,"column":26}},"46":{"start":{"line":150,"column":4},"end":{"line":150,"column":38}},"47":{"start":{"line":151,"column":4},"end":{"line":151,"column":67}},"48":{"start":{"line":152,"column":4},"end":{"line":152,"column":35}},"49":{"start":{"line":153,"column":4},"end":{"line":153,"column":52}},"50":{"start":{"line":155,"column":4},"end":{"line":155,"column":43}},"51":{"start":{"line":157,"column":4},"end":{"line":157,"column":5386}},"52":{"start":{"line":158,"column":6},"end":{"line":158,"column":32}},"53":{"start":{"line":161,"column":4},"end":{"line":161,"column":21}},"54":{"start":{"line":164,"column":4},"end":{"line":164,"column":64}},"55":{"start":{"line":166,"column":4},"end":{"line":166,"column":58}},"56":{"start":{"line":169,"column":4},"end":{"line":169,"column":33}},"57":{"start":{"line":170,"column":4},"end":{"line":170,"column":27}},"58":{"start":{"line":174,"column":4},"end":{"line":174,"column":26}},"59":{"start":{"line":175,"column":4},"end":{"line":175,"column":38}},"60":{"start":{"line":176,"column":4},"end":{"line":176,"column":59}},"61":{"start":{"line":178,"column":4},"end":{"line":178,"column":67}},"62":{"start":{"line":179,"column":4},"end":{"line":179,"column":35}},"63":{"start":{"line":180,"column":4},"end":{"line":180,"column":52}},"64":{"start":{"line":182,"column":4},"end":{"line":182,"column":43}},"65":{"start":{"line":184,"column":4},"end":{"line":184,"column":53}},"66":{"start":{"line":185,"column":4},"end":{"line":185,"column":57}},"67":{"start":{"line":188,"column":4},"end":{"line":188,"column":61}},"68":{"start":{"line":189,"column":4},"end":{"line":189,"column":6341}},"69":{"start":{"line":190,"column":6},"end":{"line":190,"column":32}},"70":{"start":{"line":194,"column":4},"end":{"line":194,"column":64}},"71":{"start":{"line":196,"column":4},"end":{"line":196,"column":58}},"72":{"start":{"line":199,"column":4},"end":{"line":199,"column":33}},"73":{"start":{"line":200,"column":4},"end":{"line":200,"column":27}},"74":{"start":{"line":201,"column":4},"end":{"line":201,"column":21}},"75":{"start":{"line":205,"column":4},"end":{"line":205,"column":38}},"76":{"start":{"line":207,"column":4},"end":{"line":207,"column":47}},"77":{"start":{"line":208,"column":4},"end":{"line":208,"column":6834}},"78":{"start":{"line":209,"column":6},"end":{"line":209,"column":60}},"79":{"start":{"line":211,"column":6},"end":{"line":211,"column":6938}},"80":{"start":{"line":215,"column":6},"end":{"line":215,"column":68}},"81":{"start":{"line":216,"column":6},"end":{"line":216,"column":7064}},"82":{"start":{"line":220,"column":6},"end":{"line":220,"column":46}},"83":{"start":{"line":221,"column":6},"end":{"line":221,"column":49}},"84":{"start":{"line":222,"column":6},"end":{"line":222,"column":37}},"85":{"start":{"line":223,"column":6},"end":{"line":223,"column":61}},"86":{"start":{"line":224,"column":6},"end":{"line":224,"column":27}},"87":{"start":{"line":229,"column":4},"end":{"line":229,"column":38}},"88":{"start":{"line":231,"column":4},"end":{"line":231,"column":7532}},"89":{"start":{"line":232,"column":6},"end":{"line":232,"column":42}},"90":{"start":{"line":233,"column":6},"end":{"line":233,"column":12}},"91":{"start":{"line":236,"column":4},"end":{"line":236,"column":19}},"92":{"start":{"line":237,"column":4},"end":{"line":237,"column":119}},"93":{"start":{"line":238,"column":4},"end":{"line":238,"column":35}},"94":{"start":{"line":250,"column":4},"end":{"line":250,"column":37}},"95":{"start":{"line":252,"column":4},"end":{"line":252,"column":85}},"96":{"start":{"line":254,"column":4},"end":{"line":254,"column":33}},"97":{"start":{"line":255,"column":4},"end":{"line":255,"column":8229}},"98":{"start":{"line":256,"column":6},"end":{"line":256,"column":64}},"99":{"start":{"line":258,"column":4},"end":{"line":258,"column":62}},"100":{"start":{"line":259,"column":4},"end":{"line":259,"column":8415}},"101":{"start":{"line":260,"column":6},"end":{"line":260,"column":97}},"102":{"start":{"line":262,"column":4},"end":{"line":262,"column":33}},"103":{"start":{"line":275,"column":4},"end":{"line":275,"column":81}},"104":{"start":{"line":276,"column":4},"end":{"line":276,"column":62}},"105":{"start":{"line":277,"column":4},"end":{"line":277,"column":61}},"106":{"start":{"line":279,"column":4},"end":{"line":279,"column":37}},"107":{"start":{"line":280,"column":4},"end":{"line":280,"column":50}},"108":{"start":{"line":281,"column":4},"end":{"line":281,"column":48}},"109":{"start":{"line":283,"column":4},"end":{"line":283,"column":56}},"110":{"start":{"line":284,"column":4},"end":{"line":284,"column":48}},"111":{"start":{"line":285,"column":4},"end":{"line":285,"column":44}},"112":{"start":{"line":287,"column":4},"end":{"line":287,"column":127}},"113":{"start":{"line":288,"column":4},"end":{"line":288,"column":55}},"114":{"start":{"line":289,"column":4},"end":{"line":289,"column":50}},"115":{"start":{"line":291,"column":4},"end":{"line":291,"column":30}},"116":{"start":{"line":293,"column":4},"end":{"line":293,"column":80}},"117":{"start":{"line":294,"column":4},"end":{"line":294,"column":21}},"118":{"start":{"line":298,"column":4},"end":{"line":298,"column":49}},"119":{"start":{"line":299,"column":4},"end":{"line":299,"column":96}},"120":{"start":{"line":301,"column":4},"end":{"line":301,"column":246}},"121":{"start":{"line":302,"column":4},"end":{"line":302,"column":38}},"122":{"start":{"line":304,"column":4},"end":{"line":304,"column":97}},"123":{"start":{"line":308,"column":4},"end":{"line":308,"column":49}},"124":{"start":{"line":309,"column":4},"end":{"line":309,"column":96}},"125":{"start":{"line":311,"column":4},"end":{"line":311,"column":129}},"126":{"start":{"line":313,"column":4},"end":{"line":313,"column":245}},"127":{"start":{"line":314,"column":4},"end":{"line":314,"column":38}},"128":{"start":{"line":316,"column":4},"end":{"line":316,"column":97}},"129":{"start":{"line":320,"column":4},"end":{"line":320,"column":49}},"130":{"start":{"line":321,"column":4},"end":{"line":321,"column":54}},"131":{"start":{"line":322,"column":4},"end":{"line":322,"column":96}},"132":{"start":{"line":324,"column":4},"end":{"line":324,"column":246}},"133":{"start":{"line":325,"column":4},"end":{"line":325,"column":38}},"134":{"start":{"line":327,"column":4},"end":{"line":327,"column":97}},"135":{"start":{"line":332,"column":4},"end":{"line":332,"column":49}},"136":{"start":{"line":334,"column":4},"end":{"line":334,"column":39}},"137":{"start":{"line":335,"column":4},"end":{"line":335,"column":30}},"138":{"start":{"line":337,"column":4},"end":{"line":337,"column":68}},"139":{"start":{"line":345,"column":4},"end":{"line":345,"column":26}},"140":{"start":{"line":346,"column":4},"end":{"line":346,"column":37}},"141":{"start":{"line":347,"column":4},"end":{"line":347,"column":59}},"142":{"start":{"line":349,"column":4},"end":{"line":349,"column":43}},"143":{"start":{"line":350,"column":4},"end":{"line":350,"column":24}},"144":{"start":{"line":352,"column":4},"end":{"line":352,"column":115}},"145":{"start":{"line":353,"column":4},"end":{"line":353,"column":113}},"146":{"start":{"line":354,"column":4},"end":{"line":354,"column":79}},"147":{"start":{"line":357,"column":4},"end":{"line":357,"column":75}},"148":{"start":{"line":359,"column":4},"end":{"line":359,"column":50}},"149":{"start":{"line":367,"column":4},"end":{"line":367,"column":26}},"150":{"start":{"line":368,"column":4},"end":{"line":368,"column":37}},"151":{"start":{"line":369,"column":4},"end":{"line":369,"column":59}},"152":{"start":{"line":370,"column":4},"end":{"line":370,"column":49}},"153":{"start":{"line":372,"column":4},"end":{"line":372,"column":50}}},"branchMap":{"1":{"line":85,"type":"if","locations":[{"start":{"line":85,"column":6},"end":{"line":85,"column":6}},{"start":{"line":85,"column":6},"end":{"line":85,"column":6}}]},"2":{"line":90,"type":"if","locations":[{"start":{"line":90,"column":6},"end":{"line":90,"column":6}},{"start":{"line":90,"column":6},"end":{"line":90,"column":6}}]},"3":{"line":114,"type":"if","locations":[{"start":{"line":114,"column":4},"end":{"line":114,"column":4}},{"start":{"line":114,"column":4},"end":{"line":114,"column":4}}]},"4":{"line":127,"type":"if","locations":[{"start":{"line":127,"column":4},"end":{"line":127,"column":4}},{"start":{"line":127,"column":4},"end":{"line":127,"column":4}}]},"5":{"line":128,"type":"if","locations":[{"start":{"line":128,"column":4},"end":{"line":128,"column":4}},{"start":{"line":128,"column":4},"end":{"line":128,"column":4}}]},"6":{"line":129,"type":"if","locations":[{"start":{"line":129,"column":4},"end":{"line":129,"column":4}},{"start":{"line":129,"column":4},"end":{"line":129,"column":4}}]},"7":{"line":130,"type":"if","locations":[{"start":{"line":130,"column":4},"end":{"line":130,"column":4}},{"start":{"line":130,"column":4},"end":{"line":130,"column":4}}]},"8":{"line":153,"type":"if","locations":[{"start":{"line":153,"column":4},"end":{"line":153,"column":4}},{"start":{"line":153,"column":4},"end":{"line":153,"column":4}}]},"9":{"line":157,"type":"if","locations":[{"start":{"line":157,"column":4},"end":{"line":157,"column":4}},{"start":{"line":157,"column":4},"end":{"line":157,"column":4}}]},"10":{"line":176,"type":"if","locations":[{"start":{"line":176,"column":4},"end":{"line":176,"column":4}},{"start":{"line":176,"column":4},"end":{"line":176,"column":4}}]},"11":{"line":180,"type":"if","locations":[{"start":{"line":180,"column":4},"end":{"line":180,"column":4}},{"start":{"line":180,"column":4},"end":{"line":180,"column":4}}]},"12":{"line":189,"type":"if","locations":[{"start":{"line":189,"column":4},"end":{"line":189,"column":4}},{"start":{"line":189,"column":4},"end":{"line":189,"column":4}}]},"13":{"line":211,"type":"if","locations":[{"start":{"line":211,"column":6},"end":{"line":211,"column":6}},{"start":{"line":211,"column":6},"end":{"line":211,"column":6}}]},"14":{"line":216,"type":"if","locations":[{"start":{"line":216,"column":6},"end":{"line":216,"column":6}},{"start":{"line":216,"column":6},"end":{"line":216,"column":6}}]},"15":{"line":231,"type":"if","locations":[{"start":{"line":231,"column":4},"end":{"line":231,"column":4}},{"start":{"line":231,"column":4},"end":{"line":231,"column":4}}]},"16":{"line":255,"type":"if","locations":[{"start":{"line":255,"column":4},"end":{"line":255,"column":4}},{"start":{"line":255,"column":4},"end":{"line":255,"column":4}}]},"17":{"line":259,"type":"if","locations":[{"start":{"line":259,"column":4},"end":{"line":259,"column":4}},{"start":{"line":259,"column":4},"end":{"line":259,"column":4}}]},"18":{"line":275,"type":"if","locations":[{"start":{"line":275,"column":4},"end":{"line":275,"column":4}},{"start":{"line":275,"column":4},"end":{"line":275,"column":4}}]},"19":{"line":276,"type":"if","locations":[{"start":{"line":276,"column":4},"end":{"line":276,"column":4}},{"start":{"line":276,"column":4},"end":{"line":276,"column":4}}]},"20":{"line":277,"type":"if","locations":[{"start":{"line":277,"column":4},"end":{"line":277,"column":4}},{"start":{"line":277,"column":4},"end":{"line":277,"column":4}}]},"21":{"line":298,"type":"if","locations":[{"start":{"line":298,"column":4},"end":{"line":298,"column":4}},{"start":{"line":298,"column":4},"end":{"line":298,"column":4}}]},"22":{"line":299,"type":"if","locations":[{"start":{"line":299,"column":4},"end":{"line":299,"column":4}},{"start":{"line":299,"column":4},"end":{"line":299,"column":4}}]},"23":{"line":308,"type":"if","locations":[{"start":{"line":308,"column":4},"end":{"line":308,"column":4}},{"start":{"line":308,"column":4},"end":{"line":308,"column":4}}]},"24":{"line":309,"type":"if","locations":[{"start":{"line":309,"column":4},"end":{"line":309,"column":4}},{"start":{"line":309,"column":4},"end":{"line":309,"column":4}}]},"25":{"line":320,"type":"if","locations":[{"start":{"line":320,"column":4},"end":{"line":320,"column":4}},{"start":{"line":320,"column":4},"end":{"line":320,"column":4}}]},"26":{"line":321,"type":"if","locations":[{"start":{"line":321,"column":4},"end":{"line":321,"column":4}},{"start":{"line":321,"column":4},"end":{"line":321,"column":4}}]},"27":{"line":322,"type":"if","locations":[{"start":{"line":322,"column":4},"end":{"line":322,"column":4}},{"start":{"line":322,"column":4},"end":{"line":322,"column":4}}]},"28":{"line":332,"type":"if","locations":[{"start":{"line":332,"column":4},"end":{"line":332,"column":4}},{"start":{"line":332,"column":4},"end":{"line":332,"column":4}}]},"29":{"line":347,"type":"if","locations":[{"start":{"line":347,"column":4},"end":{"line":347,"column":4}},{"start":{"line":347,"column":4},"end":{"line":347,"column":4}}]},"30":{"line":357,"type":"if","locations":[{"start":{"line":357,"column":4},"end":{"line":357,"column":4}},{"start":{"line":357,"column":4},"end":{"line":357,"column":4}}]},"31":{"line":369,"type":"if","locations":[{"start":{"line":369,"column":4},"end":{"line":369,"column":4}},{"start":{"line":369,"column":4},"end":{"line":369,"column":4}}]},"32":{"line":370,"type":"if","locations":[{"start":{"line":370,"column":4},"end":{"line":370,"column":4}},{"start":{"line":370,"column":4},"end":{"line":370,"column":4}}]}}}}
