TN:
SF:/home/slymewl/Workspace/pellar/vuca/blockchain/contracts/CWTToken.sol
FN:12,constructor
FNF:1
FNH:1
FNDA:15,constructor
DA:13,15
LF:1
LH:1
BRF:0
BRH:0
end_of_record
TN:
SF:/home/slymewl/Workspace/pellar/vuca/blockchain/contracts/VucaStaking.sol
FN:60,constructor
FN:63,getRawRewards
FN:71,getRewards
FN:78,getLatestPoolInfo
FN:110,getRewardsWithdrawable
FN:124,stake
FN:148,emergencyWithdraw
FN:173,unStake
FN:204,updatePoolInfo
FN:228,updatePoolRewards
FN:241,getPoolRewardsCheckpoint
FN:274,createPool
FN:297,updateMaxStakeTokens
FN:307,updateRewardTokensPerBlock
FN:319,updateEndBlock
FN:331,updateChangesDelayBlocks
FN:344,retrieveReward
FN:366,withdrawERC20
FNF:18
FNH:18
FNDA:30,constructor
FNDA:63,getRawRewards
FNDA:14,getRewards
FNDA:16,getLatestPoolInfo
FNDA:2,getRewardsWithdrawable
FNDA:40,stake
FNDA:4,emergencyWithdraw
FNDA:17,unStake
FNDA:68,updatePoolInfo
FNDA:62,updatePoolRewards
FNDA:129,getPoolRewardsCheckpoint
FNDA:14,createPool
FNDA:4,updateMaxStakeTokens
FNDA:4,updateRewardTokensPerBlock
FNDA:4,updateEndBlock
FNDA:2,updateChangesDelayBlocks
FNDA:4,retrieveReward
FNDA:3,withdrawERC20
DA:64,63
DA:66,63
DA:68,63
DA:72,14
DA:73,14
DA:75,14
DA:79,16
DA:81,16
DA:82,16
DA:83,12
DA:85,12
DA:86,10
DA:89,2
DA:90,2
DA:91,0
DA:94,2
DA:95,2
DA:96,2
DA:98,2
DA:99,2
DA:100,2
DA:103,16
DA:104,16
DA:105,16
DA:107,16
DA:111,2
DA:113,2
DA:114,2
DA:115,1
DA:118,1
DA:119,1
DA:120,1
DA:125,40
DA:126,40
DA:127,40
DA:128,38
DA:129,37
DA:130,36
DA:132,35
DA:134,35
DA:136,35
DA:137,35
DA:138,35
DA:141,35
DA:144,35
DA:145,35
DA:149,4
DA:150,4
DA:151,4
DA:152,4
DA:153,4
DA:155,3
DA:157,3
DA:158,3
DA:161,3
DA:164,3
DA:166,3
DA:169,3
DA:170,3
DA:174,17
DA:175,17
DA:176,17
DA:178,16
DA:179,16
DA:180,16
DA:182,14
DA:184,14
DA:185,14
DA:188,14
DA:189,14
DA:190,14
DA:194,14
DA:196,14
DA:199,14
DA:200,14
DA:201,14
DA:205,68
DA:207,68
DA:208,68
DA:209,36
DA:211,36
DA:212,26
DA:215,10
DA:216,10
DA:217,3
DA:220,7
DA:221,7
DA:222,7
DA:223,7
DA:224,7
DA:229,62
DA:231,62
DA:232,14
DA:233,14
DA:236,48
DA:237,48
DA:238,48
DA:250,129
DA:252,129
DA:254,129
DA:255,129
DA:256,126
DA:258,129
DA:259,129
DA:260,117
DA:262,129
DA:275,14
DA:276,12
DA:277,11
DA:279,10
DA:280,10
DA:281,10
DA:283,10
DA:284,10
DA:285,10
DA:287,10
DA:288,10
DA:289,10
DA:291,10
DA:293,10
DA:294,10
DA:298,4
DA:299,3
DA:301,2
DA:302,2
DA:304,2
DA:308,4
DA:309,3
DA:311,2
DA:313,2
DA:314,2
DA:316,2
DA:320,4
DA:321,3
DA:322,2
DA:324,1
DA:325,1
DA:327,1
DA:332,2
DA:334,1
DA:335,1
DA:337,1
DA:345,4
DA:346,4
DA:347,4
DA:349,3
DA:350,3
DA:352,3
DA:353,3
DA:354,3
DA:357,3
DA:359,2
DA:367,3
DA:368,3
DA:369,3
DA:370,2
DA:372,1
LF:157
LH:156
BRDA:85,1,0,10
BRDA:85,1,1,2
BRDA:90,2,0,0
BRDA:90,2,1,2
BRDA:114,3,0,1
BRDA:114,3,1,1
BRDA:127,4,0,38
BRDA:127,4,1,2
BRDA:128,5,0,37
BRDA:128,5,1,1
BRDA:129,6,0,36
BRDA:129,6,1,1
BRDA:130,7,0,35
BRDA:130,7,1,1
BRDA:153,8,0,3
BRDA:153,8,1,1
BRDA:157,9,0,3
BRDA:157,9,1,0
BRDA:176,10,0,16
BRDA:176,10,1,1
BRDA:180,11,0,14
BRDA:180,11,1,2
BRDA:189,12,0,14
BRDA:189,12,1,0
BRDA:211,13,0,26
BRDA:211,13,1,10
BRDA:216,14,0,3
BRDA:216,14,1,7
BRDA:231,15,0,14
BRDA:231,15,1,48
BRDA:255,16,0,126
BRDA:255,16,1,3
BRDA:259,17,0,117
BRDA:259,17,1,12
BRDA:275,18,0,12
BRDA:275,18,1,2
BRDA:276,19,0,11
BRDA:276,19,1,1
BRDA:277,20,0,10
BRDA:277,20,1,1
BRDA:298,21,0,3
BRDA:298,21,1,1
BRDA:299,22,0,2
BRDA:299,22,1,1
BRDA:308,23,0,3
BRDA:308,23,1,1
BRDA:309,24,0,2
BRDA:309,24,1,1
BRDA:320,25,0,3
BRDA:320,25,1,1
BRDA:321,26,0,2
BRDA:321,26,1,1
BRDA:322,27,0,1
BRDA:322,27,1,1
BRDA:332,28,0,1
BRDA:332,28,1,1
BRDA:347,29,0,3
BRDA:347,29,1,1
BRDA:357,30,0,2
BRDA:357,30,1,1
BRDA:369,31,0,2
BRDA:369,31,1,1
BRDA:370,32,0,1
BRDA:370,32,1,1
BRF:64
BRH:61
end_of_record
